[03-Apr-2022 08:41:25 Europe/Berlin] Inicio de la aplicacion web
[03-Apr-2022 08:41:25 Europe/Berlin] APP::construct-> no hay controlador especificado
[03-Apr-2022 08:41:25 Europe/Berlin] login::construct -> inicio de login
[03-Apr-2022 08:41:25 Europe/Berlin] login::construct -> Carga el index de login
[03-Apr-2022 08:41:28 Europe/Berlin] Inicio de la aplicacion web
[03-Apr-2022 08:41:28 Europe/Berlin] APP::construct-> no hay controlador especificado
[03-Apr-2022 08:41:28 Europe/Berlin] login::construct -> inicio de login
[03-Apr-2022 08:41:28 Europe/Berlin] login::construct -> Carga el index de login
[03-Apr-2022 08:41:31 Europe/Berlin] Inicio de la aplicacion web
[03-Apr-2022 08:41:31 Europe/Berlin] Errores::construct -> inicio de Errores
[03-Apr-2022 08:41:33 Europe/Berlin] Inicio de la aplicacion web
[03-Apr-2022 08:41:33 Europe/Berlin] Errores::construct -> inicio de Errores
[03-Apr-2022 08:41:35 Europe/Berlin] Inicio de la aplicacion web
[03-Apr-2022 08:41:35 Europe/Berlin] APP::construct-> no hay controlador especificado
[03-Apr-2022 08:41:35 Europe/Berlin] login::construct -> inicio de login
[03-Apr-2022 08:41:35 Europe/Berlin] login::construct -> Carga el index de login
[03-Apr-2022 08:42:02 Europe/Berlin] Inicio de la aplicacion web
[03-Apr-2022 08:42:02 Europe/Berlin] APP::construct-> no hay controlador especificado
[03-Apr-2022 08:42:02 Europe/Berlin] login::construct -> inicio de login
[03-Apr-2022 08:42:02 Europe/Berlin] login::construct -> Carga el index de login
[03-Apr-2022 08:43:01 Europe/Berlin] Inicio de la aplicacion web
[03-Apr-2022 08:43:01 Europe/Berlin] APP::construct-> no hay controlador especificado
[03-Apr-2022 08:43:01 Europe/Berlin] login::construct -> inicio de login
[03-Apr-2022 08:43:01 Europe/Berlin] login::construct -> Carga el index de login
[03-Apr-2022 08:44:10 Europe/Berlin] Inicio de la aplicacion web
[03-Apr-2022 08:44:10 Europe/Berlin] APP::construct-> no hay controlador especificado
[03-Apr-2022 08:44:10 Europe/Berlin] login::construct -> inicio de login
[03-Apr-2022 08:44:10 Europe/Berlin] login::construct -> Carga el index de login
[03-Apr-2022 08:48:03 Europe/Berlin] Inicio de la aplicacion web
[03-Apr-2022 08:48:03 Europe/Berlin] APP::construct-> no hay controlador especificado
[03-Apr-2022 08:48:03 Europe/Berlin] login::construct -> inicio de login
[03-Apr-2022 08:48:03 Europe/Berlin] login::construct -> Carga el index de login
[03-Apr-2022 08:48:06 Europe/Berlin] Inicio de la aplicacion web
[03-Apr-2022 08:48:06 Europe/Berlin] APP::construct-> no hay controlador especificado
[03-Apr-2022 08:48:06 Europe/Berlin] login::construct -> inicio de login
[03-Apr-2022 08:48:06 Europe/Berlin] login::construct -> Carga el index de login
[03-Apr-2022 08:48:42 Europe/Berlin] Inicio de la aplicacion web
[03-Apr-2022 08:48:42 Europe/Berlin] APP::construct-> no hay controlador especificado
[03-Apr-2022 08:48:42 Europe/Berlin] login::construct -> inicio de login
[03-Apr-2022 08:48:42 Europe/Berlin] login::construct -> Carga el index de login
[03-Apr-2022 08:48:43 Europe/Berlin] Inicio de la aplicacion web
[03-Apr-2022 08:48:43 Europe/Berlin] APP::construct-> no hay controlador especificado
[03-Apr-2022 08:48:43 Europe/Berlin] login::construct -> inicio de login
[03-Apr-2022 08:48:43 Europe/Berlin] login::construct -> Carga el index de login
[03-Apr-2022 08:49:14 Europe/Berlin] Inicio de la aplicacion web
[03-Apr-2022 08:49:14 Europe/Berlin] APP::construct-> no hay controlador especificado
[03-Apr-2022 08:49:14 Europe/Berlin] login::construct -> inicio de login
[03-Apr-2022 08:49:14 Europe/Berlin] login::construct -> Carga el index de login
[03-Apr-2022 08:49:55 Europe/Berlin] Inicio de la aplicacion web
[03-Apr-2022 08:49:55 Europe/Berlin] APP::construct-> no hay controlador especificado
[03-Apr-2022 08:49:55 Europe/Berlin] login::construct -> inicio de login
[03-Apr-2022 08:49:55 Europe/Berlin] login::construct -> Carga el index de login
[03-Apr-2022 08:50:00 Europe/Berlin] Inicio de la aplicacion web
[03-Apr-2022 08:50:00 Europe/Berlin] APP::construct-> no hay controlador especificado
[03-Apr-2022 08:50:00 Europe/Berlin] login::construct -> inicio de login
[03-Apr-2022 08:50:00 Europe/Berlin] login::construct -> Carga el index de login
[03-Apr-2022 08:50:05 Europe/Berlin] Inicio de la aplicacion web
[03-Apr-2022 08:50:05 Europe/Berlin] APP::construct-> no hay controlador especificado
[03-Apr-2022 08:50:05 Europe/Berlin] login::construct -> inicio de login
[03-Apr-2022 08:50:05 Europe/Berlin] login::construct -> Carga el index de login
[03-Apr-2022 08:51:28 Europe/Berlin] Inicio de la aplicacion web
[03-Apr-2022 08:51:28 Europe/Berlin] APP::construct-> no hay controlador especificado
[03-Apr-2022 08:51:28 Europe/Berlin] login::construct -> inicio de login
[03-Apr-2022 08:51:28 Europe/Berlin] login::construct -> Carga el index de login
[03-Apr-2022 08:52:00 Europe/Berlin] Inicio de la aplicacion web
[03-Apr-2022 08:52:00 Europe/Berlin] APP::construct-> no hay controlador especificado
[03-Apr-2022 08:52:00 Europe/Berlin] login::construct -> inicio de login
[03-Apr-2022 08:52:00 Europe/Berlin] login::construct -> Carga el index de login
[03-Apr-2022 08:52:01 Europe/Berlin] Inicio de la aplicacion web
[03-Apr-2022 08:52:01 Europe/Berlin] APP::construct-> no hay controlador especificado
[03-Apr-2022 08:52:01 Europe/Berlin] login::construct -> inicio de login
[03-Apr-2022 08:52:01 Europe/Berlin] login::construct -> Carga el index de login
[03-Apr-2022 08:52:06 Europe/Berlin] Inicio de la aplicacion web
[03-Apr-2022 08:52:06 Europe/Berlin] APP::construct-> no hay controlador especificado
[03-Apr-2022 08:52:06 Europe/Berlin] login::construct -> inicio de login
[03-Apr-2022 08:52:06 Europe/Berlin] login::construct -> Carga el index de login
[03-Apr-2022 08:52:21 Europe/Berlin] Inicio de la aplicacion web
[03-Apr-2022 08:52:21 Europe/Berlin] APP::construct-> no hay controlador especificado
[03-Apr-2022 08:52:21 Europe/Berlin] login::construct -> inicio de login
[03-Apr-2022 08:52:21 Europe/Berlin] login::construct -> Carga el index de login
[03-Apr-2022 08:52:48 Europe/Berlin] Inicio de la aplicacion web
[03-Apr-2022 08:52:48 Europe/Berlin] APP::construct-> no hay controlador especificado
[03-Apr-2022 08:52:48 Europe/Berlin] login::construct -> inicio de login
[03-Apr-2022 08:52:48 Europe/Berlin] login::construct -> Carga el index de login
[03-Apr-2022 08:54:46 Europe/Berlin] Inicio de la aplicacion web
[03-Apr-2022 08:54:46 Europe/Berlin] APP::construct-> no hay controlador especificado
[03-Apr-2022 08:54:46 Europe/Berlin] login::construct -> inicio de login
[03-Apr-2022 08:54:46 Europe/Berlin] login::construct -> Carga el index de login
[03-Apr-2022 08:55:31 Europe/Berlin] Inicio de la aplicacion web
[03-Apr-2022 08:55:31 Europe/Berlin] APP::construct-> no hay controlador especificado
[03-Apr-2022 08:55:31 Europe/Berlin] login::construct -> inicio de login
[03-Apr-2022 08:55:31 Europe/Berlin] login::construct -> Carga el index de login
[03-Apr-2022 08:55:39 Europe/Berlin] Inicio de la aplicacion web
[03-Apr-2022 08:55:39 Europe/Berlin] APP::construct-> no hay controlador especificado
[03-Apr-2022 08:55:39 Europe/Berlin] login::construct -> inicio de login
[03-Apr-2022 08:55:39 Europe/Berlin] login::construct -> Carga el index de login
[03-Apr-2022 08:57:10 Europe/Berlin] Inicio de la aplicacion web
[03-Apr-2022 08:57:10 Europe/Berlin] APP::construct-> no hay controlador especificado
[03-Apr-2022 08:57:10 Europe/Berlin] login::construct -> inicio de login
[03-Apr-2022 08:57:10 Europe/Berlin] login::construct -> Carga el index de login
[03-Apr-2022 08:57:27 Europe/Berlin] Inicio de la aplicacion web
[03-Apr-2022 08:57:27 Europe/Berlin] APP::construct-> no hay controlador especificado
[03-Apr-2022 08:57:27 Europe/Berlin] login::construct -> inicio de login
[03-Apr-2022 08:57:27 Europe/Berlin] login::construct -> Carga el index de login
[03-Apr-2022 08:58:18 Europe/Berlin] Inicio de la aplicacion web
[03-Apr-2022 08:58:18 Europe/Berlin] APP::construct-> no hay controlador especificado
[03-Apr-2022 08:58:18 Europe/Berlin] login::construct -> inicio de login
[03-Apr-2022 08:58:18 Europe/Berlin] login::construct -> Carga el index de login
[03-Apr-2022 08:58:54 Europe/Berlin] Inicio de la aplicacion web
[03-Apr-2022 08:58:54 Europe/Berlin] APP::construct-> no hay controlador especificado
[03-Apr-2022 08:58:54 Europe/Berlin] login::construct -> inicio de login
[03-Apr-2022 08:58:54 Europe/Berlin] login::construct -> Carga el index de login
[03-Apr-2022 08:59:00 Europe/Berlin] Inicio de la aplicacion web
[03-Apr-2022 08:59:00 Europe/Berlin] APP::construct-> no hay controlador especificado
[03-Apr-2022 08:59:00 Europe/Berlin] login::construct -> inicio de login
[03-Apr-2022 08:59:00 Europe/Berlin] login::construct -> Carga el index de login
[03-Apr-2022 08:59:34 Europe/Berlin] Inicio de la aplicacion web
[03-Apr-2022 08:59:34 Europe/Berlin] APP::construct-> no hay controlador especificado
[03-Apr-2022 08:59:34 Europe/Berlin] login::construct -> inicio de login
[03-Apr-2022 08:59:34 Europe/Berlin] login::construct -> Carga el index de login
[03-Apr-2022 09:00:00 Europe/Berlin] Inicio de la aplicacion web
[03-Apr-2022 09:00:00 Europe/Berlin] APP::construct-> no hay controlador especificado
[03-Apr-2022 09:00:00 Europe/Berlin] login::construct -> inicio de login
[03-Apr-2022 09:00:00 Europe/Berlin] login::construct -> Carga el index de login
[03-Apr-2022 09:00:01 Europe/Berlin] Inicio de la aplicacion web
[03-Apr-2022 09:00:01 Europe/Berlin] APP::construct-> no hay controlador especificado
[03-Apr-2022 09:00:01 Europe/Berlin] login::construct -> inicio de login
[03-Apr-2022 09:00:01 Europe/Berlin] login::construct -> Carga el index de login
[03-Apr-2022 09:00:01 Europe/Berlin] Inicio de la aplicacion web
[03-Apr-2022 09:00:01 Europe/Berlin] APP::construct-> no hay controlador especificado
[03-Apr-2022 09:00:01 Europe/Berlin] login::construct -> inicio de login
[03-Apr-2022 09:00:01 Europe/Berlin] login::construct -> Carga el index de login
[03-Apr-2022 09:00:01 Europe/Berlin] Inicio de la aplicacion web
[03-Apr-2022 09:00:01 Europe/Berlin] APP::construct-> no hay controlador especificado
[03-Apr-2022 09:00:01 Europe/Berlin] login::construct -> inicio de login
[03-Apr-2022 09:00:01 Europe/Berlin] login::construct -> Carga el index de login
[03-Apr-2022 09:00:36 Europe/Berlin] Inicio de la aplicacion web
[03-Apr-2022 09:00:36 Europe/Berlin] APP::construct-> no hay controlador especificado
[03-Apr-2022 09:00:36 Europe/Berlin] login::construct -> inicio de login
[03-Apr-2022 09:00:36 Europe/Berlin] login::construct -> Carga el index de login
[03-Apr-2022 09:00:43 Europe/Berlin] Inicio de la aplicacion web
[03-Apr-2022 09:00:43 Europe/Berlin] APP::construct-> no hay controlador especificado
[03-Apr-2022 09:00:43 Europe/Berlin] login::construct -> inicio de login
[03-Apr-2022 09:00:43 Europe/Berlin] login::construct -> Carga el index de login
[03-Apr-2022 09:01:16 Europe/Berlin] Inicio de la aplicacion web
[03-Apr-2022 09:01:16 Europe/Berlin] APP::construct-> no hay controlador especificado
[03-Apr-2022 09:01:16 Europe/Berlin] login::construct -> inicio de login
[03-Apr-2022 09:01:16 Europe/Berlin] login::construct -> Carga el index de login
[03-Apr-2022 09:01:24 Europe/Berlin] Inicio de la aplicacion web
[03-Apr-2022 09:01:24 Europe/Berlin] APP::construct-> no hay controlador especificado
[03-Apr-2022 09:01:24 Europe/Berlin] login::construct -> inicio de login
[03-Apr-2022 09:01:24 Europe/Berlin] login::construct -> Carga el index de login
[03-Apr-2022 09:02:00 Europe/Berlin] Inicio de la aplicacion web
[03-Apr-2022 09:02:00 Europe/Berlin] APP::construct-> no hay controlador especificado
[03-Apr-2022 09:02:00 Europe/Berlin] login::construct -> inicio de login
[03-Apr-2022 09:02:00 Europe/Berlin] login::construct -> Carga el index de login
[03-Apr-2022 09:02:25 Europe/Berlin] Inicio de la aplicacion web
[03-Apr-2022 09:02:25 Europe/Berlin] APP::construct-> no hay controlador especificado
[03-Apr-2022 09:02:25 Europe/Berlin] login::construct -> inicio de login
[03-Apr-2022 09:02:25 Europe/Berlin] login::construct -> Carga el index de login
[03-Apr-2022 09:02:41 Europe/Berlin] Inicio de la aplicacion web
[03-Apr-2022 09:02:41 Europe/Berlin] APP::construct-> no hay controlador especificado
[03-Apr-2022 09:02:41 Europe/Berlin] login::construct -> inicio de login
[03-Apr-2022 09:02:41 Europe/Berlin] login::construct -> Carga el index de login
